<?xml version="1.0" encoding="UTF-8"?>
<testng-results ignored="0" total="1" passed="1" failed="0" skipped="0">
  <reporter-output>
  </reporter-output>
  <suite started-at="2022-07-20T21:29:06 IST" name="Default suite" finished-at="2022-07-20T21:29:31 IST" duration-ms="24550">
    <groups>
    </groups>
    <test started-at="2022-07-20T21:29:06 IST" name="Default test" finished-at="2022-07-20T21:29:31 IST" duration-ms="24550">
      <class name="assertion.Softassert1">
        <test-method signature="softchiku()[pri:0, instance:assertion.Softassert1@1b1473ab]" started-at="2022-07-20T21:29:06 IST" name="softchiku" finished-at="2022-07-20T21:29:31 IST" duration-ms="24478" status="PASS">
          <reporter-output>
          </reporter-output>
        </test-method> <!-- softchiku -->
      </class> <!-- assertion.Softassert1 -->
    </test> <!-- Default test -->
  </suite> <!-- Default suite -->
</testng-results>
