<?xml version="1.0" encoding="UTF-8"?>
<!-- Generated by org.testng.reporters.JUnitXMLReporter -->
<testsuite ignored="0" hostname="shubham-PC" failures="0" tests="3" name="Test" time="0.29" errors="0" timestamp="2022-07-19T23:35:33 IST">
  <testcase classname="test.crossbrowser" name="@BeforeTest launchBrowser" time="-1.65825393318E9">
    <failure type="org.testng.TestNGException" message="
Parameter &amp;apos;browser&amp;apos; is required by BeforeTest on method launchBrowser but has not been marked @Optional or defined
in C:\Users\shubham\eclipse-workspace\ZerodhaIB\testng.xml">
      <![CDATA[org.testng.TestNGException: 
Parameter 'browser' is required by BeforeTest on method launchBrowser but has not been marked @Optional or defined
in C:\Users\shubham\eclipse-workspace\ZerodhaIB\testng.xml
... Removed 21 stack frames]]>
    </failure>
  </testcase> <!-- @BeforeTest launchBrowser -->
  <testcase classname="test.crossbrowser" name="@BeforeClass POMobject" time="-1.658253933331E9">
    <skipped/>
  </testcase> <!-- @BeforeClass POMobject -->
  <testcase classname="test.crossbrowser" name="@BeforeMethod loginToApplication" time="-1.658253933369E9">
    <skipped/>
  </testcase> <!-- @BeforeMethod loginToApplication -->
  <testcase classname="test.crossbrowser" name="@AfterMethod logoutFromApplication" time="-1.658253933381E9">
    <skipped/>
  </testcase> <!-- @AfterMethod logoutFromApplication -->
  <testcase classname="test.crossbrowser" name="@BeforeMethod loginToApplication" time="-1.658253933389E9">
    <skipped/>
  </testcase> <!-- @BeforeMethod loginToApplication -->
  <testcase classname="test.crossbrowser" name="@AfterMethod logoutFromApplication" time="-1.658253933404E9">
    <skipped/>
  </testcase> <!-- @AfterMethod logoutFromApplication -->
  <testcase classname="test.crossbrowser" name="@BeforeMethod loginToApplication" time="-1.658253933413E9">
    <skipped/>
  </testcase> <!-- @BeforeMethod loginToApplication -->
  <testcase classname="test.crossbrowser" name="@AfterMethod logoutFromApplication" time="-1.658253933428E9">
    <skipped/>
  </testcase> <!-- @AfterMethod logoutFromApplication -->
  <testcase classname="test.crossbrowser" name="@AfterClass closeObject" time="-1.658253933445E9">
    <skipped/>
  </testcase> <!-- @AfterClass closeObject -->
  <testcase classname="test.crossbrowser" name="@AfterTest closeBrowser1" time="-1.658253933457E9">
    <skipped/>
  </testcase> <!-- @AfterTest closeBrowser1 -->
  <testcase classname="test.crossbrowser" name="verifyHoldingPage" time="0.0">
    <skipped/>
  </testcase> <!-- verifyHoldingPage -->
  <testcase classname="test.crossbrowser" name="verifyOrderPage" time="0.0">
    <skipped/>
  </testcase> <!-- verifyOrderPage -->
  <testcase classname="test.crossbrowser" name="verifyPossitionPage" time="0.0">
    <skipped/>
  </testcase> <!-- verifyPossitionPage -->
</testsuite> <!-- Test -->
