<?xml version="1.0" encoding="UTF-8"?>
<!-- Generated by org.testng.reporters.JUnitXMLReporter -->
<testsuite ignored="0" hostname="shubham-PC" failures="0" tests="3" name="ChromeTest" time="53.144" errors="0" timestamp="2022-07-20T13:31:25 IST">
  <testcase classname="test.crossbrowser" name="VerifyingHoldingsPage" time="2.056"/>
  <testcase classname="test.crossbrowser" name="VerifyingOrdersPage" time="2.022"/>
  <testcase classname="test.crossbrowser" name="VerifyingPositionsPage" time="2.03"/>
</testsuite> <!-- ChromeTest -->
